<?xml version="1.0" encoding="UTF-8"?>
<coverage generated="1704764117009" clover="3.2.0">
  <project timestamp="1704764117009" name="All files">
    <metrics statements="47" coveredstatements="37" conditionals="12" coveredconditionals="5" methods="12" coveredmethods="10" elements="71" coveredelements="52" complexity="0" loc="47" ncloc="47" packages="1" files="2" classes="2"/>
    <file name="message.js" path="/Users/carlmolina/rithm/exercises/wk7/express-messagely/models/message.js">
      <metrics statements="13" coveredstatements="5" conditionals="4" coveredconditionals="0" methods="3" coveredmethods="1"/>
      <line num="5" count="1" type="stmt"/>
      <line num="6" count="1" type="stmt"/>
      <line num="17" count="4" type="stmt"/>
      <line num="27" count="4" type="stmt"/>
      <line num="39" count="0" type="stmt"/>
      <line num="45" count="0" type="stmt"/>
      <line num="47" count="0" type="cond" truecount="0" falsecount="2"/>
      <line num="49" count="0" type="stmt"/>
      <line num="61" count="0" type="stmt"/>
      <line num="80" count="0" type="stmt"/>
      <line num="82" count="0" type="cond" truecount="0" falsecount="2"/>
      <line num="84" count="0" type="stmt"/>
      <line num="106" count="1" type="stmt"/>
    </file>
    <file name="user.js" path="/Users/carlmolina/rithm/exercises/wk7/express-messagely/models/user.js">
      <metrics statements="34" coveredstatements="32" conditionals="8" coveredconditionals="5" methods="9" coveredmethods="9"/>
      <line num="3" count="1" type="stmt"/>
      <line num="4" count="1" type="stmt"/>
      <line num="5" count="1" type="stmt"/>
      <line num="6" count="1" type="stmt"/>
      <line num="7" count="1" type="stmt"/>
      <line num="21" count="10" type="stmt"/>
      <line num="23" count="10" type="stmt"/>
      <line num="37" count="10" type="stmt"/>
      <line num="39" count="10" type="stmt"/>
      <line num="46" count="2" type="stmt"/>
      <line num="53" count="2" type="stmt"/>
      <line num="54" count="2" type="stmt"/>
      <line num="56" count="2" type="cond" truecount="1" falsecount="1"/>
      <line num="57" count="2" type="cond" truecount="2" falsecount="0"/>
      <line num="58" count="1" type="stmt"/>
      <line num="62" count="1" type="stmt"/>
      <line num="69" count="1" type="stmt"/>
      <line num="76" count="1" type="stmt"/>
      <line num="79" count="1" type="cond" truecount="1" falsecount="1"/>
      <line num="80" count="1" type="stmt"/>
      <line num="87" count="0" type="stmt"/>
      <line num="97" count="1" type="stmt"/>
      <line num="102" count="1" type="stmt"/>
      <line num="116" count="3" type="stmt"/>
      <line num="128" count="3" type="stmt"/>
      <line num="130" count="3" type="cond" truecount="1" falsecount="1"/>
      <line num="131" count="3" type="stmt"/>
      <line num="134" count="0" type="stmt"/>
      <line num="147" count="1" type="stmt"/>
      <line num="161" count="1" type="stmt"/>
      <line num="163" count="1" type="stmt"/>
      <line num="190" count="1" type="stmt"/>
      <line num="204" count="1" type="stmt"/>
      <line num="220" count="1" type="stmt"/>
    </file>
  </project>
</coverage>
