<?xml version="1.0" encoding="UTF-8"?>
<coverage generated="1704758323014" clover="3.2.0">
  <project timestamp="1704758323014" name="All files">
    <metrics statements="47" coveredstatements="37" conditionals="12" coveredconditionals="5" methods="12" coveredmethods="10" elements="71" coveredelements="52" complexity="0" loc="47" ncloc="47" packages="1" files="2" classes="2"/>
    <file name="message.js" path="/Users/carlmolina/rithm/exercises/wk7/express-messagely/models/message.js">
      <metrics statements="13" coveredstatements="5" conditionals="4" coveredconditionals="0" methods="3" coveredmethods="1"/>
      <line num="5" count="1" type="stmt"/>
      <line num="6" count="1" type="stmt"/>
      <line num="17" count="4" type="stmt"/>
      <line num="27" count="4" type="stmt"/>
      <line num="39" count="0" type="stmt"/>
      <line num="45" count="0" type="stmt"/>
      <line num="47" count="0" type="cond" truecount="0" falsecount="2"/>
      <line num="49" count="0" type="stmt"/>
      <line num="61" count="0" type="stmt"/>
      <line num="80" count="0" type="stmt"/>
      <line num="82" count="0" type="cond" truecount="0" falsecount="2"/>
      <line num="84" count="0" type="stmt"/>
      <line num="106" count="1" type="stmt"/>
    </file>
    <file name="user.js" path="/Users/carlmolina/rithm/exercises/wk7/express-messagely/models/user.js">
      <metrics statements="34" coveredstatements="32" conditionals="8" coveredconditionals="5" methods="9" coveredmethods="9"/>
      <line num="3" count="1" type="stmt"/>
      <line num="4" count="1" type="stmt"/>
      <line num="5" count="1" type="stmt"/>
      <line num="6" count="1" type="stmt"/>
      <line num="7" count="1" type="stmt"/>
      <line num="19" count="10" type="stmt"/>
      <line num="21" count="10" type="stmt"/>
      <line num="34" count="10" type="stmt"/>
      <line num="36" count="10" type="stmt"/>
      <line num="43" count="2" type="stmt"/>
      <line num="50" count="2" type="stmt"/>
      <line num="51" count="2" type="stmt"/>
      <line num="53" count="2" type="cond" truecount="1" falsecount="1"/>
      <line num="54" count="2" type="cond" truecount="2" falsecount="0"/>
      <line num="55" count="1" type="stmt"/>
      <line num="59" count="1" type="stmt"/>
      <line num="66" count="1" type="stmt"/>
      <line num="73" count="1" type="stmt"/>
      <line num="75" count="1" type="cond" truecount="1" falsecount="1"/>
      <line num="76" count="1" type="stmt"/>
      <line num="83" count="0" type="stmt"/>
      <line num="92" count="1" type="stmt"/>
      <line num="97" count="1" type="stmt"/>
      <line num="111" count="3" type="stmt"/>
      <line num="123" count="3" type="stmt"/>
      <line num="125" count="3" type="cond" truecount="1" falsecount="1"/>
      <line num="126" count="3" type="stmt"/>
      <line num="129" count="0" type="stmt"/>
      <line num="142" count="1" type="stmt"/>
      <line num="156" count="1" type="stmt"/>
      <line num="158" count="1" type="stmt"/>
      <line num="182" count="1" type="stmt"/>
      <line num="196" count="1" type="stmt"/>
      <line num="212" count="1" type="stmt"/>
    </file>
  </project>
</coverage>
