{"/Users/carlmolina/rithm/exercises/wk7/express-messagely/models/message.js": {"path":"/Users/carlmolina/rithm/exercises/wk7/express-messagely/models/message.js","statementMap":{"0":{"start":{"line":5,"column":26},"end":{"line":5,"column":52}},"1":{"start":{"line":6,"column":11},"end":{"line":6,"column":27}},"2":{"start":{"line":17,"column":19},"end":{"line":25,"column":43}},"3":{"start":{"line":27,"column":4},"end":{"line":27,"column":26}},"4":{"start":{"line":39,"column":19},"end":{"line":44,"column":13}},"5":{"start":{"line":45,"column":20},"end":{"line":45,"column":34}},"6":{"start":{"line":47,"column":4},"end":{"line":47,"column":68}},"7":{"start":{"line":47,"column":18},"end":{"line":47,"column":68}},"8":{"start":{"line":49,"column":4},"end":{"line":49,"column":19}},"9":{"start":{"line":61,"column":19},"end":{"line":78,"column":13}},"10":{"start":{"line":80,"column":12},"end":{"line":80,"column":26}},"11":{"start":{"line":82,"column":4},"end":{"line":82,"column":62}},"12":{"start":{"line":82,"column":12},"end":{"line":82,"column":62}},"13":{"start":{"line":84,"column":4},"end":{"line":101,"column":6}},"14":{"start":{"line":106,"column":0},"end":{"line":106,"column":25}}},"fnMap":{"0":{"name":"(anonymous_0)","decl":{"start":{"line":16,"column":2},"end":{"line":16,"column":3}},"loc":{"start":{"line":16,"column":60},"end":{"line":28,"column":3}},"line":16},"1":{"name":"(anonymous_1)","decl":{"start":{"line":38,"column":2},"end":{"line":38,"column":3}},"loc":{"start":{"line":38,"column":28},"end":{"line":50,"column":3}},"line":38},"2":{"name":"(anonymous_2)","decl":{"start":{"line":60,"column":2},"end":{"line":60,"column":3}},"loc":{"start":{"line":60,"column":23},"end":{"line":102,"column":3}},"line":60}},"branchMap":{"0":{"loc":{"start":{"line":47,"column":4},"end":{"line":47,"column":68}},"type":"if","locations":[{"start":{"line":47,"column":4},"end":{"line":47,"column":68}},{"start":{},"end":{}}],"line":47},"1":{"loc":{"start":{"line":82,"column":4},"end":{"line":82,"column":62}},"type":"if","locations":[{"start":{"line":82,"column":4},"end":{"line":82,"column":62}},{"start":{},"end":{}}],"line":82}},"s":{"0":1,"1":1,"2":4,"3":4,"4":0,"5":0,"6":0,"7":0,"8":0,"9":0,"10":0,"11":0,"12":0,"13":0,"14":1},"f":{"0":4,"1":0,"2":0},"b":{"0":[0,0],"1":[0,0]},"_coverageSchema":"1a1c01bbd47fc00a2c39e90264f33305004495a9","hash":"4c44ddf74d9570a7908c6f1ca2df0ed321160c2e"}
,"/Users/carlmolina/rithm/exercises/wk7/express-messagely/models/user.js": {"path":"/Users/carlmolina/rithm/exercises/wk7/express-messagely/models/user.js","statementMap":{"0":{"start":{"line":3,"column":31},"end":{"line":3,"column":51}},"1":{"start":{"line":4,"column":11},"end":{"line":4,"column":30}},"2":{"start":{"line":5,"column":12},"end":{"line":5,"column":35}},"3":{"start":{"line":6,"column":15},"end":{"line":6,"column":32}},"4":{"start":{"line":7,"column":26},"end":{"line":7,"column":55}},"5":{"start":{"line":21,"column":27},"end":{"line":21,"column":74}},"6":{"start":{"line":23,"column":20},"end":{"line":35,"column":5}},"7":{"start":{"line":37,"column":17},"end":{"line":37,"column":32}},"8":{"start":{"line":39,"column":4},"end":{"line":39,"column":16}},"9":{"start":{"line":46,"column":19},"end":{"line":51,"column":5}},"10":{"start":{"line":53,"column":17},"end":{"line":53,"column":31}},"11":{"start":{"line":54,"column":4},"end":{"line":54,"column":38}},"12":{"start":{"line":56,"column":4},"end":{"line":60,"column":5}},"13":{"start":{"line":57,"column":6},"end":{"line":59,"column":7}},"14":{"start":{"line":58,"column":8},"end":{"line":58,"column":20}},"15":{"start":{"line":62,"column":4},"end":{"line":62,"column":17}},"16":{"start":{"line":69,"column":19},"end":{"line":74,"column":5}},"17":{"start":{"line":76,"column":17},"end":{"line":76,"column":31}},"18":{"start":{"line":79,"column":4},"end":{"line":89,"column":5}},"19":{"start":{"line":80,"column":6},"end":{"line":85,"column":20}},"20":{"start":{"line":87,"column":6},"end":{"line":87,"column":48}},"21":{"start":{"line":97,"column":20},"end":{"line":100,"column":6}},"22":{"start":{"line":102,"column":4},"end":{"line":102,"column":24}},"23":{"start":{"line":116,"column":19},"end":{"line":126,"column":5}},"24":{"start":{"line":128,"column":17},"end":{"line":128,"column":31}},"25":{"start":{"line":130,"column":4},"end":{"line":132,"column":5}},"26":{"start":{"line":131,"column":6},"end":{"line":131,"column":18}},"27":{"start":{"line":134,"column":4},"end":{"line":134,"column":46}},"28":{"start":{"line":147,"column":18},"end":{"line":159,"column":15}},"29":{"start":{"line":161,"column":4},"end":{"line":161,"column":53}},"30":{"start":{"line":163,"column":4},"end":{"line":174,"column":8}},"31":{"start":{"line":163,"column":35},"end":{"line":174,"column":5}},"32":{"start":{"line":190,"column":20},"end":{"line":202,"column":17}},"33":{"start":{"line":204,"column":6},"end":{"line":215,"column":10}},"34":{"start":{"line":204,"column":37},"end":{"line":215,"column":7}},"35":{"start":{"line":220,"column":0},"end":{"line":220,"column":22}}},"fnMap":{"0":{"name":"(anonymous_0)","decl":{"start":{"line":19,"column":2},"end":{"line":19,"column":3}},"loc":{"start":{"line":19,"column":76},"end":{"line":40,"column":3}},"line":19},"1":{"name":"(anonymous_1)","decl":{"start":{"line":44,"column":2},"end":{"line":44,"column":3}},"loc":{"start":{"line":44,"column":48},"end":{"line":63,"column":3}},"line":44},"2":{"name":"(anonymous_2)","decl":{"start":{"line":67,"column":2},"end":{"line":67,"column":3}},"loc":{"start":{"line":67,"column":46},"end":{"line":90,"column":3}},"line":67},"3":{"name":"(anonymous_3)","decl":{"start":{"line":95,"column":2},"end":{"line":95,"column":3}},"loc":{"start":{"line":95,"column":21},"end":{"line":103,"column":3}},"line":95},"4":{"name":"(anonymous_4)","decl":{"start":{"line":114,"column":2},"end":{"line":114,"column":3}},"loc":{"start":{"line":114,"column":29},"end":{"line":135,"column":3}},"line":114},"5":{"name":"(anonymous_5)","decl":{"start":{"line":145,"column":2},"end":{"line":145,"column":3}},"loc":{"start":{"line":145,"column":38},"end":{"line":179,"column":3}},"line":145},"6":{"name":"(anonymous_6)","decl":{"start":{"line":163,"column":28},"end":{"line":163,"column":29}},"loc":{"start":{"line":163,"column":33},"end":{"line":174,"column":6}},"line":163},"7":{"name":"(anonymous_7)","decl":{"start":{"line":189,"column":2},"end":{"line":189,"column":3}},"loc":{"start":{"line":189,"column":36},"end":{"line":216,"column":3}},"line":189},"8":{"name":"(anonymous_8)","decl":{"start":{"line":204,"column":30},"end":{"line":204,"column":31}},"loc":{"start":{"line":204,"column":35},"end":{"line":215,"column":8}},"line":204}},"branchMap":{"0":{"loc":{"start":{"line":56,"column":4},"end":{"line":60,"column":5}},"type":"if","locations":[{"start":{"line":56,"column":4},"end":{"line":60,"column":5}},{"start":{},"end":{}}],"line":56},"1":{"loc":{"start":{"line":57,"column":6},"end":{"line":59,"column":7}},"type":"if","locations":[{"start":{"line":57,"column":6},"end":{"line":59,"column":7}},{"start":{},"end":{}}],"line":57},"2":{"loc":{"start":{"line":79,"column":4},"end":{"line":89,"column":5}},"type":"if","locations":[{"start":{"line":79,"column":4},"end":{"line":89,"column":5}},{"start":{"line":86,"column":11},"end":{"line":89,"column":5}}],"line":79},"3":{"loc":{"start":{"line":130,"column":4},"end":{"line":132,"column":5}},"type":"if","locations":[{"start":{"line":130,"column":4},"end":{"line":132,"column":5}},{"start":{},"end":{}}],"line":130}},"s":{"0":1,"1":1,"2":1,"3":1,"4":1,"5":10,"6":10,"7":10,"8":10,"9":2,"10":2,"11":2,"12":2,"13":2,"14":1,"15":1,"16":1,"17":1,"18":1,"19":1,"20":0,"21":1,"22":1,"23":3,"24":3,"25":3,"26":3,"27":0,"28":1,"29":1,"30":1,"31":1,"32":1,"33":1,"34":1,"35":1},"f":{"0":10,"1":2,"2":1,"3":1,"4":3,"5":1,"6":1,"7":1,"8":1},"b":{"0":[2,0],"1":[1,1],"2":[1,0],"3":[3,0]},"_coverageSchema":"1a1c01bbd47fc00a2c39e90264f33305004495a9","hash":"0509306d8e2c805db6dc621f06a90dc2f56bbd07"}
}
