TN:
SF:message.js
FN:16,(anonymous_0)
FN:38,(anonymous_1)
FN:60,(anonymous_2)
FNF:3
FNH:1
FNDA:4,(anonymous_0)
FNDA:0,(anonymous_1)
FNDA:0,(anonymous_2)
DA:5,1
DA:6,1
DA:17,4
DA:27,4
DA:39,0
DA:45,0
DA:47,0
DA:49,0
DA:61,0
DA:80,0
DA:82,0
DA:84,0
DA:106,1
LF:13
LH:5
BRDA:47,0,0,0
BRDA:47,0,1,0
BRDA:82,1,0,0
BRDA:82,1,1,0
BRF:4
BRH:0
end_of_record
TN:
SF:user.js
FN:17,(anonymous_0)
FN:42,(anonymous_1)
FN:65,(anonymous_2)
FN:91,(anonymous_3)
FN:110,(anonymous_4)
FN:141,(anonymous_5)
FN:159,(anonymous_6)
FN:182,(anonymous_7)
FN:197,(anonymous_8)
FNF:9
FNH:9
FNDA:10,(anonymous_0)
FNDA:2,(anonymous_1)
FNDA:1,(anonymous_2)
FNDA:1,(anonymous_3)
FNDA:3,(anonymous_4)
FNDA:1,(anonymous_5)
FNDA:1,(anonymous_6)
FNDA:1,(anonymous_7)
FNDA:1,(anonymous_8)
DA:3,1
DA:4,1
DA:5,1
DA:6,1
DA:7,1
DA:19,10
DA:21,10
DA:35,10
DA:37,10
DA:44,2
DA:51,2
DA:52,2
DA:54,2
DA:55,2
DA:56,1
DA:60,1
DA:67,1
DA:74,1
DA:76,1
DA:77,1
DA:84,0
DA:93,1
DA:98,1
DA:112,3
DA:124,3
DA:126,3
DA:127,3
DA:130,0
DA:143,1
DA:157,1
DA:159,1
DA:183,1
DA:197,1
DA:213,1
LF:34
LH:32
BRDA:54,0,0,2
BRDA:54,0,1,0
BRDA:55,1,0,1
BRDA:55,1,1,1
BRDA:76,2,0,1
BRDA:76,2,1,0
BRDA:126,3,0,3
BRDA:126,3,1,0
BRF:8
BRH:5
end_of_record
