TN:
SF:message.js
FN:16,(anonymous_0)
FN:38,(anonymous_1)
FN:60,(anonymous_2)
FNF:3
FNH:1
FNDA:4,(anonymous_0)
FNDA:0,(anonymous_1)
FNDA:0,(anonymous_2)
DA:5,1
DA:6,1
DA:17,4
DA:27,4
DA:39,0
DA:45,0
DA:47,0
DA:49,0
DA:61,0
DA:80,0
DA:82,0
DA:84,0
DA:106,1
LF:13
LH:5
BRDA:47,0,0,0
BRDA:47,0,1,0
BRDA:82,1,0,0
BRDA:82,1,1,0
BRF:4
BRH:0
end_of_record
TN:
SF:user.js
FN:19,(anonymous_0)
FN:44,(anonymous_1)
FN:67,(anonymous_2)
FN:95,(anonymous_3)
FN:114,(anonymous_4)
FN:145,(anonymous_5)
FN:163,(anonymous_6)
FN:189,(anonymous_7)
FN:204,(anonymous_8)
FNF:9
FNH:9
FNDA:10,(anonymous_0)
FNDA:2,(anonymous_1)
FNDA:1,(anonymous_2)
FNDA:1,(anonymous_3)
FNDA:3,(anonymous_4)
FNDA:1,(anonymous_5)
FNDA:1,(anonymous_6)
FNDA:1,(anonymous_7)
FNDA:1,(anonymous_8)
DA:3,1
DA:4,1
DA:5,1
DA:6,1
DA:7,1
DA:21,10
DA:23,10
DA:37,10
DA:39,10
DA:46,2
DA:53,2
DA:54,2
DA:56,2
DA:57,2
DA:58,1
DA:62,1
DA:69,1
DA:76,1
DA:79,1
DA:80,1
DA:87,0
DA:97,1
DA:102,1
DA:116,3
DA:128,3
DA:130,3
DA:131,3
DA:134,0
DA:147,1
DA:161,1
DA:163,1
DA:190,1
DA:204,1
DA:220,1
LF:34
LH:32
BRDA:56,0,0,2
BRDA:56,0,1,0
BRDA:57,1,0,1
BRDA:57,1,1,1
BRDA:79,2,0,1
BRDA:79,2,1,0
BRDA:130,3,0,3
BRDA:130,3,1,0
BRF:8
BRH:5
end_of_record
